Installing/upgrading dependencies...
Requirement already satisfied: pip in /gpfs/home4/scur1900/.conda/envs/verlenv/lib/python3.10/site-packages (25.3)
Requirement already satisfied: torch>=2.1.0 in /gpfs/home4/scur1900/.conda/envs/verlenv/lib/python3.10/site-packages (from -r /gpfs/home4/scur1900/cosmos-finetune/requirements.txt (line 2)) (2.1.2+cu121)
Collecting torch>=2.1.0 (from -r /gpfs/home4/scur1900/cosmos-finetune/requirements.txt (line 2))
  Using cached torch-2.9.1-cp310-cp310-manylinux_2_28_x86_64.whl.metadata (30 kB)
Requirement already satisfied: torchvision>=0.16.0 in /gpfs/home4/scur1900/.conda/envs/verlenv/lib/python3.10/site-packages (from -r /gpfs/home4/scur1900/cosmos-finetune/requirements.txt (line 3)) (0.16.2+cu121)
Collecting torchvision>=0.16.0 (from -r /gpfs/home4/scur1900/cosmos-finetune/requirements.txt (line 3))
  Using cached torchvision-0.24.1-cp310-cp310-manylinux_2_28_x86_64.whl.metadata (5.9 kB)
Collecting diffusers>=0.25.0 (from -r /gpfs/home4/scur1900/cosmos-finetune/requirements.txt (line 4))
  Downloading diffusers-0.36.0-py3-none-any.whl.metadata (20 kB)
Collecting transformers>=4.36.0 (from -r /gpfs/home4/scur1900/cosmos-finetune/requirements.txt (line 5))
  Using cached transformers-4.57.3-py3-none-any.whl.metadata (43 kB)
Requirement already satisfied: datasets>=2.18.0 in /gpfs/home4/scur1900/.conda/envs/verlenv/lib/python3.10/site-packages (from -r /gpfs/home4/scur1900/cosmos-finetune/requirements.txt (line 8)) (4.4.2)
Collecting huggingface_hub>=0.20.0 (from -r /gpfs/home4/scur1900/cosmos-finetune/requirements.txt (line 9))
  Using cached huggingface_hub-1.2.3-py3-none-any.whl.metadata (13 kB)
Requirement already satisfied: safetensors>=0.4.0 in /gpfs/home4/scur1900/.conda/envs/verlenv/lib/python3.10/site-packages (from -r /gpfs/home4/scur1900/cosmos-finetune/requirements.txt (line 10)) (0.7.0)
Collecting hydra-core>=1.3.0 (from -r /gpfs/home4/scur1900/cosmos-finetune/requirements.txt (line 13))
  Using cached hydra_core-1.3.2-py3-none-any.whl.metadata (5.5 kB)
Collecting omegaconf>=2.3.0 (from -r /gpfs/home4/scur1900/cosmos-finetune/requirements.txt (line 14))
  Using cached omegaconf-2.3.0-py3-none-any.whl.metadata (3.9 kB)
Collecting accelerate>=0.25.0 (from -r /gpfs/home4/scur1900/cosmos-finetune/requirements.txt (line 15))
  Using cached accelerate-1.12.0-py3-none-any.whl.metadata (19 kB)
Collecting wandb>=0.16.0 (from -r /gpfs/home4/scur1900/cosmos-finetune/requirements.txt (line 18))
  Using cached wandb-0.23.1-py3-none-manylinux_2_28_x86_64.whl.metadata (12 kB)
Collecting tensorboard>=2.15.0 (from -r /gpfs/home4/scur1900/cosmos-finetune/requirements.txt (line 19))
  Using cached tensorboard-2.20.0-py3-none-any.whl.metadata (1.8 kB)
Collecting opencv-python>=4.9.0 (from -r /gpfs/home4/scur1900/cosmos-finetune/requirements.txt (line 22))
  Using cached opencv_python-4.12.0.88-cp37-abi3-manylinux2014_x86_64.manylinux_2_17_x86_64.whl.metadata (19 kB)
Collecting av>=11.0.0 (from -r /gpfs/home4/scur1900/cosmos-finetune/requirements.txt (line 23))
  Using cached av-16.0.1-cp310-cp310-manylinux_2_28_x86_64.whl.metadata (4.6 kB)
Requirement already satisfied: tqdm>=4.66.0 in /gpfs/home4/scur1900/.conda/envs/verlenv/lib/python3.10/site-packages (from -r /gpfs/home4/scur1900/cosmos-finetune/requirements.txt (line 26)) (4.67.1)
Requirement already satisfied: numpy>=1.24.0 in /gpfs/home4/scur1900/.conda/envs/verlenv/lib/python3.10/site-packages (from -r /gpfs/home4/scur1900/cosmos-finetune/requirements.txt (line 27)) (1.26.4)
Collecting numpy>=1.24.0 (from -r /gpfs/home4/scur1900/cosmos-finetune/requirements.txt (line 27))
  Using cached numpy-2.2.6-cp310-cp310-manylinux_2_17_x86_64.manylinux2014_x86_64.whl.metadata (62 kB)
Requirement already satisfied: pillow>=10.0.0 in /gpfs/home4/scur1900/.conda/envs/verlenv/lib/python3.10/site-packages (from -r /gpfs/home4/scur1900/cosmos-finetune/requirements.txt (line 28)) (12.0.0)
Collecting pillow>=10.0.0 (from -r /gpfs/home4/scur1900/cosmos-finetune/requirements.txt (line 28))
  Downloading pillow-12.1.0-cp310-cp310-manylinux_2_27_x86_64.manylinux_2_28_x86_64.whl.metadata (8.8 kB)
Requirement already satisfied: pyarrow>=15.0.0 in /gpfs/home4/scur1900/.conda/envs/verlenv/lib/python3.10/site-packages (from -r /gpfs/home4/scur1900/cosmos-finetune/requirements.txt (line 31)) (22.0.0)
Requirement already satisfied: fsspec>=2023.10.0 in /gpfs/home4/scur1900/.conda/envs/verlenv/lib/python3.10/site-packages (from -r /gpfs/home4/scur1900/cosmos-finetune/requirements.txt (line 32)) (2025.10.0)
Collecting fsspec>=2023.10.0 (from -r /gpfs/home4/scur1900/cosmos-finetune/requirements.txt (line 32))
  Using cached fsspec-2025.12.0-py3-none-any.whl.metadata (10 kB)
Requirement already satisfied: filelock in /gpfs/home4/scur1900/.conda/envs/verlenv/lib/python3.10/site-packages (from torch>=2.1.0->-r /gpfs/home4/scur1900/cosmos-finetune/requirements.txt (line 2)) (3.20.1)
Requirement already satisfied: typing-extensions>=4.10.0 in /gpfs/home4/scur1900/.conda/envs/verlenv/lib/python3.10/site-packages (from torch>=2.1.0->-r /gpfs/home4/scur1900/cosmos-finetune/requirements.txt (line 2)) (4.15.0)
Requirement already satisfied: sympy>=1.13.3 in /gpfs/home4/scur1900/.conda/envs/verlenv/lib/python3.10/site-packages (from torch>=2.1.0->-r /gpfs/home4/scur1900/cosmos-finetune/requirements.txt (line 2)) (1.14.0)
Requirement already satisfied: networkx>=2.5.1 in /gpfs/home4/scur1900/.conda/envs/verlenv/lib/python3.10/site-packages (from torch>=2.1.0->-r /gpfs/home4/scur1900/cosmos-finetune/requirements.txt (line 2)) (3.4.2)
Requirement already satisfied: jinja2 in /gpfs/home4/scur1900/.conda/envs/verlenv/lib/python3.10/site-packages (from torch>=2.1.0->-r /gpfs/home4/scur1900/cosmos-finetune/requirements.txt (line 2)) (3.1.6)
Collecting nvidia-cuda-nvrtc-cu12==12.8.93 (from torch>=2.1.0->-r /gpfs/home4/scur1900/cosmos-finetune/requirements.txt (line 2))
  Using cached nvidia_cuda_nvrtc_cu12-12.8.93-py3-none-manylinux2010_x86_64.manylinux_2_12_x86_64.whl.metadata (1.7 kB)
Collecting nvidia-cuda-runtime-cu12==12.8.90 (from torch>=2.1.0->-r /gpfs/home4/scur1900/cosmos-finetune/requirements.txt (line 2))
  Using cached nvidia_cuda_runtime_cu12-12.8.90-py3-none-manylinux2014_x86_64.manylinux_2_17_x86_64.whl.metadata (1.7 kB)
Collecting nvidia-cuda-cupti-cu12==12.8.90 (from torch>=2.1.0->-r /gpfs/home4/scur1900/cosmos-finetune/requirements.txt (line 2))
  Using cached nvidia_cuda_cupti_cu12-12.8.90-py3-none-manylinux2014_x86_64.manylinux_2_17_x86_64.whl.metadata (1.7 kB)
Collecting nvidia-cudnn-cu12==9.10.2.21 (from torch>=2.1.0->-r /gpfs/home4/scur1900/cosmos-finetune/requirements.txt (line 2))
  Using cached nvidia_cudnn_cu12-9.10.2.21-py3-none-manylinux_2_27_x86_64.whl.metadata (1.8 kB)
Collecting nvidia-cublas-cu12==12.8.4.1 (from torch>=2.1.0->-r /gpfs/home4/scur1900/cosmos-finetune/requirements.txt (line 2))
  Using cached nvidia_cublas_cu12-12.8.4.1-py3-none-manylinux_2_27_x86_64.whl.metadata (1.7 kB)
Collecting nvidia-cufft-cu12==11.3.3.83 (from torch>=2.1.0->-r /gpfs/home4/scur1900/cosmos-finetune/requirements.txt (line 2))
  Using cached nvidia_cufft_cu12-11.3.3.83-py3-none-manylinux2014_x86_64.manylinux_2_17_x86_64.whl.metadata (1.7 kB)
Collecting nvidia-curand-cu12==10.3.9.90 (from torch>=2.1.0->-r /gpfs/home4/scur1900/cosmos-finetune/requirements.txt (line 2))
  Using cached nvidia_curand_cu12-10.3.9.90-py3-none-manylinux_2_27_x86_64.whl.metadata (1.7 kB)
Collecting nvidia-cusolver-cu12==11.7.3.90 (from torch>=2.1.0->-r /gpfs/home4/scur1900/cosmos-finetune/requirements.txt (line 2))
  Using cached nvidia_cusolver_cu12-11.7.3.90-py3-none-manylinux_2_27_x86_64.whl.metadata (1.8 kB)
Collecting nvidia-cusparse-cu12==12.5.8.93 (from torch>=2.1.0->-r /gpfs/home4/scur1900/cosmos-finetune/requirements.txt (line 2))
  Using cached nvidia_cusparse_cu12-12.5.8.93-py3-none-manylinux2014_x86_64.manylinux_2_17_x86_64.whl.metadata (1.8 kB)
Collecting nvidia-cusparselt-cu12==0.7.1 (from torch>=2.1.0->-r /gpfs/home4/scur1900/cosmos-finetune/requirements.txt (line 2))
  Using cached nvidia_cusparselt_cu12-0.7.1-py3-none-manylinux2014_x86_64.whl.metadata (7.0 kB)
Collecting nvidia-nccl-cu12==2.27.5 (from torch>=2.1.0->-r /gpfs/home4/scur1900/cosmos-finetune/requirements.txt (line 2))
  Using cached nvidia_nccl_cu12-2.27.5-py3-none-manylinux2014_x86_64.manylinux_2_17_x86_64.whl.metadata (2.0 kB)
Collecting nvidia-nvshmem-cu12==3.3.20 (from torch>=2.1.0->-r /gpfs/home4/scur1900/cosmos-finetune/requirements.txt (line 2))
  Using cached nvidia_nvshmem_cu12-3.3.20-py3-none-manylinux2014_x86_64.manylinux_2_17_x86_64.whl.metadata (2.1 kB)
Collecting nvidia-nvtx-cu12==12.8.90 (from torch>=2.1.0->-r /gpfs/home4/scur1900/cosmos-finetune/requirements.txt (line 2))
  Using cached nvidia_nvtx_cu12-12.8.90-py3-none-manylinux2014_x86_64.manylinux_2_17_x86_64.whl.metadata (1.8 kB)
Collecting nvidia-nvjitlink-cu12==12.8.93 (from torch>=2.1.0->-r /gpfs/home4/scur1900/cosmos-finetune/requirements.txt (line 2))
  Using cached nvidia_nvjitlink_cu12-12.8.93-py3-none-manylinux2010_x86_64.manylinux_2_12_x86_64.whl.metadata (1.7 kB)
Collecting nvidia-cufile-cu12==1.13.1.3 (from torch>=2.1.0->-r /gpfs/home4/scur1900/cosmos-finetune/requirements.txt (line 2))
  Using cached nvidia_cufile_cu12-1.13.1.3-py3-none-manylinux2014_x86_64.manylinux_2_17_x86_64.whl.metadata (1.7 kB)
Collecting triton==3.5.1 (from torch>=2.1.0->-r /gpfs/home4/scur1900/cosmos-finetune/requirements.txt (line 2))
  Using cached triton-3.5.1-cp310-cp310-manylinux_2_27_x86_64.manylinux_2_28_x86_64.whl.metadata (1.7 kB)
Requirement already satisfied: importlib_metadata in /gpfs/home4/scur1900/.conda/envs/verlenv/lib/python3.10/site-packages (from diffusers>=0.25.0->-r /gpfs/home4/scur1900/cosmos-finetune/requirements.txt (line 4)) (8.7.1)
Requirement already satisfied: httpx<1.0.0 in /gpfs/home4/scur1900/.conda/envs/verlenv/lib/python3.10/site-packages (from diffusers>=0.25.0->-r /gpfs/home4/scur1900/cosmos-finetune/requirements.txt (line 4)) (0.28.1)
Requirement already satisfied: regex!=2019.12.17 in /gpfs/home4/scur1900/.conda/envs/verlenv/lib/python3.10/site-packages (from diffusers>=0.25.0->-r /gpfs/home4/scur1900/cosmos-finetune/requirements.txt (line 4)) (2025.11.3)
Requirement already satisfied: requests in /gpfs/home4/scur1900/.conda/envs/verlenv/lib/python3.10/site-packages (from diffusers>=0.25.0->-r /gpfs/home4/scur1900/cosmos-finetune/requirements.txt (line 4)) (2.32.5)
Requirement already satisfied: hf-xet<2.0.0,>=1.2.0 in /gpfs/home4/scur1900/.conda/envs/verlenv/lib/python3.10/site-packages (from huggingface_hub>=0.20.0->-r /gpfs/home4/scur1900/cosmos-finetune/requirements.txt (line 9)) (1.2.0)
Requirement already satisfied: packaging>=20.9 in /gpfs/home4/scur1900/.conda/envs/verlenv/lib/python3.10/site-packages (from huggingface_hub>=0.20.0->-r /gpfs/home4/scur1900/cosmos-finetune/requirements.txt (line 9)) (25.0)
Requirement already satisfied: pyyaml>=5.1 in /gpfs/home4/scur1900/.conda/envs/verlenv/lib/python3.10/site-packages (from huggingface_hub>=0.20.0->-r /gpfs/home4/scur1900/cosmos-finetune/requirements.txt (line 9)) (6.0.3)
Collecting shellingham (from huggingface_hub>=0.20.0->-r /gpfs/home4/scur1900/cosmos-finetune/requirements.txt (line 9))
  Using cached shellingham-1.5.4-py2.py3-none-any.whl.metadata (3.5 kB)
Requirement already satisfied: typer-slim in /gpfs/home4/scur1900/.conda/envs/verlenv/lib/python3.10/site-packages (from huggingface_hub>=0.20.0->-r /gpfs/home4/scur1900/cosmos-finetune/requirements.txt (line 9)) (0.21.0)
Requirement already satisfied: anyio in /gpfs/home4/scur1900/.conda/envs/verlenv/lib/python3.10/site-packages (from httpx<1.0.0->diffusers>=0.25.0->-r /gpfs/home4/scur1900/cosmos-finetune/requirements.txt (line 4)) (4.12.0)
Requirement already satisfied: certifi in /gpfs/home4/scur1900/.conda/envs/verlenv/lib/python3.10/site-packages (from httpx<1.0.0->diffusers>=0.25.0->-r /gpfs/home4/scur1900/cosmos-finetune/requirements.txt (line 4)) (2025.11.12)
Requirement already satisfied: httpcore==1.* in /gpfs/home4/scur1900/.conda/envs/verlenv/lib/python3.10/site-packages (from httpx<1.0.0->diffusers>=0.25.0->-r /gpfs/home4/scur1900/cosmos-finetune/requirements.txt (line 4)) (1.0.9)
Requirement already satisfied: idna in /gpfs/home4/scur1900/.conda/envs/verlenv/lib/python3.10/site-packages (from httpx<1.0.0->diffusers>=0.25.0->-r /gpfs/home4/scur1900/cosmos-finetune/requirements.txt (line 4)) (3.11)
Requirement already satisfied: h11>=0.16 in /gpfs/home4/scur1900/.conda/envs/verlenv/lib/python3.10/site-packages (from httpcore==1.*->httpx<1.0.0->diffusers>=0.25.0->-r /gpfs/home4/scur1900/cosmos-finetune/requirements.txt (line 4)) (0.16.0)
Collecting huggingface_hub>=0.20.0 (from -r /gpfs/home4/scur1900/cosmos-finetune/requirements.txt (line 9))
  Using cached huggingface_hub-0.36.0-py3-none-any.whl.metadata (14 kB)
Collecting tokenizers<=0.23.0,>=0.22.0 (from transformers>=4.36.0->-r /gpfs/home4/scur1900/cosmos-finetune/requirements.txt (line 5))
  Using cached tokenizers-0.22.1-cp39-abi3-manylinux_2_17_x86_64.manylinux2014_x86_64.whl.metadata (6.8 kB)
Requirement already satisfied: dill<0.4.1,>=0.3.0 in /gpfs/home4/scur1900/.conda/envs/verlenv/lib/python3.10/site-packages (from datasets>=2.18.0->-r /gpfs/home4/scur1900/cosmos-finetune/requirements.txt (line 8)) (0.4.0)
Requirement already satisfied: pandas in /gpfs/home4/scur1900/.conda/envs/verlenv/lib/python3.10/site-packages (from datasets>=2.18.0->-r /gpfs/home4/scur1900/cosmos-finetune/requirements.txt (line 8)) (2.3.3)
Requirement already satisfied: xxhash in /gpfs/home4/scur1900/.conda/envs/verlenv/lib/python3.10/site-packages (from datasets>=2.18.0->-r /gpfs/home4/scur1900/cosmos-finetune/requirements.txt (line 8)) (3.6.0)
Requirement already satisfied: multiprocess<0.70.19 in /gpfs/home4/scur1900/.conda/envs/verlenv/lib/python3.10/site-packages (from datasets>=2.18.0->-r /gpfs/home4/scur1900/cosmos-finetune/requirements.txt (line 8)) (0.70.18)
Requirement already satisfied: aiohttp!=4.0.0a0,!=4.0.0a1 in /gpfs/home4/scur1900/.conda/envs/verlenv/lib/python3.10/site-packages (from fsspec[http]<=2025.10.0,>=2023.1.0->datasets>=2.18.0->-r /gpfs/home4/scur1900/cosmos-finetune/requirements.txt (line 8)) (3.13.2)
Collecting antlr4-python3-runtime==4.9.* (from hydra-core>=1.3.0->-r /gpfs/home4/scur1900/cosmos-finetune/requirements.txt (line 13))
  Using cached antlr4_python3_runtime-4.9.3-py3-none-any.whl
Collecting psutil (from accelerate>=0.25.0->-r /gpfs/home4/scur1900/cosmos-finetune/requirements.txt (line 15))
  Downloading psutil-7.2.1-cp36-abi3-manylinux2010_x86_64.manylinux_2_12_x86_64.manylinux_2_28_x86_64.whl.metadata (22 kB)
Requirement already satisfied: click>=8.0.1 in /gpfs/home4/scur1900/.conda/envs/verlenv/lib/python3.10/site-packages (from wandb>=0.16.0->-r /gpfs/home4/scur1900/cosmos-finetune/requirements.txt (line 18)) (8.3.1)
Collecting gitpython!=3.1.29,>=1.0.0 (from wandb>=0.16.0->-r /gpfs/home4/scur1900/cosmos-finetune/requirements.txt (line 18))
  Downloading gitpython-3.1.46-py3-none-any.whl.metadata (13 kB)
Collecting platformdirs (from wandb>=0.16.0->-r /gpfs/home4/scur1900/cosmos-finetune/requirements.txt (line 18))
  Using cached platformdirs-4.5.1-py3-none-any.whl.metadata (12 kB)
Requirement already satisfied: protobuf!=4.21.0,!=5.28.0,<7,>=3.19.0 in /gpfs/home4/scur1900/.conda/envs/verlenv/lib/python3.10/site-packages (from wandb>=0.16.0->-r /gpfs/home4/scur1900/cosmos-finetune/requirements.txt (line 18)) (6.33.2)
Requirement already satisfied: pydantic<3 in /gpfs/home4/scur1900/.conda/envs/verlenv/lib/python3.10/site-packages (from wandb>=0.16.0->-r /gpfs/home4/scur1900/cosmos-finetune/requirements.txt (line 18)) (2.12.5)
Collecting sentry-sdk>=2.0.0 (from wandb>=0.16.0->-r /gpfs/home4/scur1900/cosmos-finetune/requirements.txt (line 18))
  Using cached sentry_sdk-2.48.0-py2.py3-none-any.whl.metadata (10 kB)
Requirement already satisfied: annotated-types>=0.6.0 in /gpfs/home4/scur1900/.conda/envs/verlenv/lib/python3.10/site-packages (from pydantic<3->wandb>=0.16.0->-r /gpfs/home4/scur1900/cosmos-finetune/requirements.txt (line 18)) (0.7.0)
Requirement already satisfied: pydantic-core==2.41.5 in /gpfs/home4/scur1900/.conda/envs/verlenv/lib/python3.10/site-packages (from pydantic<3->wandb>=0.16.0->-r /gpfs/home4/scur1900/cosmos-finetune/requirements.txt (line 18)) (2.41.5)
Requirement already satisfied: typing-inspection>=0.4.2 in /gpfs/home4/scur1900/.conda/envs/verlenv/lib/python3.10/site-packages (from pydantic<3->wandb>=0.16.0->-r /gpfs/home4/scur1900/cosmos-finetune/requirements.txt (line 18)) (0.4.2)
Requirement already satisfied: charset_normalizer<4,>=2 in /gpfs/home4/scur1900/.conda/envs/verlenv/lib/python3.10/site-packages (from requests->diffusers>=0.25.0->-r /gpfs/home4/scur1900/cosmos-finetune/requirements.txt (line 4)) (3.4.4)
Requirement already satisfied: urllib3<3,>=1.21.1 in /gpfs/home4/scur1900/.conda/envs/verlenv/lib/python3.10/site-packages (from requests->diffusers>=0.25.0->-r /gpfs/home4/scur1900/cosmos-finetune/requirements.txt (line 4)) (2.6.2)
Collecting absl-py>=0.4 (from tensorboard>=2.15.0->-r /gpfs/home4/scur1900/cosmos-finetune/requirements.txt (line 19))
  Using cached absl_py-2.3.1-py3-none-any.whl.metadata (3.3 kB)
Collecting grpcio>=1.48.2 (from tensorboard>=2.15.0->-r /gpfs/home4/scur1900/cosmos-finetune/requirements.txt (line 19))
  Using cached grpcio-1.76.0-cp310-cp310-manylinux2014_x86_64.manylinux_2_17_x86_64.whl.metadata (3.7 kB)
Collecting markdown>=2.6.8 (from tensorboard>=2.15.0->-r /gpfs/home4/scur1900/cosmos-finetune/requirements.txt (line 19))
  Using cached markdown-3.10-py3-none-any.whl.metadata (5.1 kB)
Requirement already satisfied: setuptools>=41.0.0 in /gpfs/home4/scur1900/.conda/envs/verlenv/lib/python3.10/site-packages (from tensorboard>=2.15.0->-r /gpfs/home4/scur1900/cosmos-finetune/requirements.txt (line 19)) (80.9.0)
Collecting tensorboard-data-server<0.8.0,>=0.7.0 (from tensorboard>=2.15.0->-r /gpfs/home4/scur1900/cosmos-finetune/requirements.txt (line 19))
  Using cached tensorboard_data_server-0.7.2-py3-none-manylinux_2_31_x86_64.whl.metadata (1.1 kB)
Collecting werkzeug>=1.0.1 (from tensorboard>=2.15.0->-r /gpfs/home4/scur1900/cosmos-finetune/requirements.txt (line 19))
  Using cached werkzeug-3.1.4-py3-none-any.whl.metadata (4.0 kB)
Requirement already satisfied: aiohappyeyeballs>=2.5.0 in /gpfs/home4/scur1900/.conda/envs/verlenv/lib/python3.10/site-packages (from aiohttp!=4.0.0a0,!=4.0.0a1->fsspec[http]<=2025.10.0,>=2023.1.0->datasets>=2.18.0->-r /gpfs/home4/scur1900/cosmos-finetune/requirements.txt (line 8)) (2.6.1)
Requirement already satisfied: aiosignal>=1.4.0 in /gpfs/home4/scur1900/.conda/envs/verlenv/lib/python3.10/site-packages (from aiohttp!=4.0.0a0,!=4.0.0a1->fsspec[http]<=2025.10.0,>=2023.1.0->datasets>=2.18.0->-r /gpfs/home4/scur1900/cosmos-finetune/requirements.txt (line 8)) (1.4.0)
Requirement already satisfied: async-timeout<6.0,>=4.0 in /gpfs/home4/scur1900/.conda/envs/verlenv/lib/python3.10/site-packages (from aiohttp!=4.0.0a0,!=4.0.0a1->fsspec[http]<=2025.10.0,>=2023.1.0->datasets>=2.18.0->-r /gpfs/home4/scur1900/cosmos-finetune/requirements.txt (line 8)) (5.0.1)
Requirement already satisfied: attrs>=17.3.0 in /gpfs/home4/scur1900/.conda/envs/verlenv/lib/python3.10/site-packages (from aiohttp!=4.0.0a0,!=4.0.0a1->fsspec[http]<=2025.10.0,>=2023.1.0->datasets>=2.18.0->-r /gpfs/home4/scur1900/cosmos-finetune/requirements.txt (line 8)) (25.4.0)
Requirement already satisfied: frozenlist>=1.1.1 in /gpfs/home4/scur1900/.conda/envs/verlenv/lib/python3.10/site-packages (from aiohttp!=4.0.0a0,!=4.0.0a1->fsspec[http]<=2025.10.0,>=2023.1.0->datasets>=2.18.0->-r /gpfs/home4/scur1900/cosmos-finetune/requirements.txt (line 8)) (1.8.0)
Requirement already satisfied: multidict<7.0,>=4.5 in /gpfs/home4/scur1900/.conda/envs/verlenv/lib/python3.10/site-packages (from aiohttp!=4.0.0a0,!=4.0.0a1->fsspec[http]<=2025.10.0,>=2023.1.0->datasets>=2.18.0->-r /gpfs/home4/scur1900/cosmos-finetune/requirements.txt (line 8)) (6.7.0)
Requirement already satisfied: propcache>=0.2.0 in /gpfs/home4/scur1900/.conda/envs/verlenv/lib/python3.10/site-packages (from aiohttp!=4.0.0a0,!=4.0.0a1->fsspec[http]<=2025.10.0,>=2023.1.0->datasets>=2.18.0->-r /gpfs/home4/scur1900/cosmos-finetune/requirements.txt (line 8)) (0.4.1)
Requirement already satisfied: yarl<2.0,>=1.17.0 in /gpfs/home4/scur1900/.conda/envs/verlenv/lib/python3.10/site-packages (from aiohttp!=4.0.0a0,!=4.0.0a1->fsspec[http]<=2025.10.0,>=2023.1.0->datasets>=2.18.0->-r /gpfs/home4/scur1900/cosmos-finetune/requirements.txt (line 8)) (1.22.0)
Collecting gitdb<5,>=4.0.1 (from gitpython!=3.1.29,>=1.0.0->wandb>=0.16.0->-r /gpfs/home4/scur1900/cosmos-finetune/requirements.txt (line 18))
  Using cached gitdb-4.0.12-py3-none-any.whl.metadata (1.2 kB)
Collecting smmap<6,>=3.0.1 (from gitdb<5,>=4.0.1->gitpython!=3.1.29,>=1.0.0->wandb>=0.16.0->-r /gpfs/home4/scur1900/cosmos-finetune/requirements.txt (line 18))
  Using cached smmap-5.0.2-py3-none-any.whl.metadata (4.3 kB)
Requirement already satisfied: mpmath<1.4,>=1.1.0 in /gpfs/home4/scur1900/.conda/envs/verlenv/lib/python3.10/site-packages (from sympy>=1.13.3->torch>=2.1.0->-r /gpfs/home4/scur1900/cosmos-finetune/requirements.txt (line 2)) (1.3.0)
Requirement already satisfied: markupsafe>=2.1.1 in /gpfs/home4/scur1900/.conda/envs/verlenv/lib/python3.10/site-packages (from werkzeug>=1.0.1->tensorboard>=2.15.0->-r /gpfs/home4/scur1900/cosmos-finetune/requirements.txt (line 19)) (3.0.3)
Requirement already satisfied: exceptiongroup>=1.0.2 in /gpfs/home4/scur1900/.conda/envs/verlenv/lib/python3.10/site-packages (from anyio->httpx<1.0.0->diffusers>=0.25.0->-r /gpfs/home4/scur1900/cosmos-finetune/requirements.txt (line 4)) (1.3.1)
Requirement already satisfied: zipp>=3.20 in /gpfs/home4/scur1900/.conda/envs/verlenv/lib/python3.10/site-packages (from importlib_metadata->diffusers>=0.25.0->-r /gpfs/home4/scur1900/cosmos-finetune/requirements.txt (line 4)) (3.23.0)
Requirement already satisfied: python-dateutil>=2.8.2 in /gpfs/home4/scur1900/.conda/envs/verlenv/lib/python3.10/site-packages (from pandas->datasets>=2.18.0->-r /gpfs/home4/scur1900/cosmos-finetune/requirements.txt (line 8)) (2.9.0.post0)
Requirement already satisfied: pytz>=2020.1 in /gpfs/home4/scur1900/.conda/envs/verlenv/lib/python3.10/site-packages (from pandas->datasets>=2.18.0->-r /gpfs/home4/scur1900/cosmos-finetune/requirements.txt (line 8)) (2025.2)
Requirement already satisfied: tzdata>=2022.7 in /gpfs/home4/scur1900/.conda/envs/verlenv/lib/python3.10/site-packages (from pandas->datasets>=2.18.0->-r /gpfs/home4/scur1900/cosmos-finetune/requirements.txt (line 8)) (2025.3)
Requirement already satisfied: six>=1.5 in /gpfs/home4/scur1900/.conda/envs/verlenv/lib/python3.10/site-packages (from python-dateutil>=2.8.2->pandas->datasets>=2.18.0->-r /gpfs/home4/scur1900/cosmos-finetune/requirements.txt (line 8)) (1.17.0)
Using cached torch-2.9.1-cp310-cp310-manylinux_2_28_x86_64.whl (899.8 MB)
Using cached nvidia_cublas_cu12-12.8.4.1-py3-none-manylinux_2_27_x86_64.whl (594.3 MB)
Using cached nvidia_cuda_cupti_cu12-12.8.90-py3-none-manylinux2014_x86_64.manylinux_2_17_x86_64.whl (10.2 MB)
Using cached nvidia_cuda_nvrtc_cu12-12.8.93-py3-none-manylinux2010_x86_64.manylinux_2_12_x86_64.whl (88.0 MB)
Using cached nvidia_cuda_runtime_cu12-12.8.90-py3-none-manylinux2014_x86_64.manylinux_2_17_x86_64.whl (954 kB)
Using cached nvidia_cudnn_cu12-9.10.2.21-py3-none-manylinux_2_27_x86_64.whl (706.8 MB)
Using cached nvidia_cufft_cu12-11.3.3.83-py3-none-manylinux2014_x86_64.manylinux_2_17_x86_64.whl (193.1 MB)
Using cached nvidia_cufile_cu12-1.13.1.3-py3-none-manylinux2014_x86_64.manylinux_2_17_x86_64.whl (1.2 MB)
Using cached nvidia_curand_cu12-10.3.9.90-py3-none-manylinux_2_27_x86_64.whl (63.6 MB)
Using cached nvidia_cusolver_cu12-11.7.3.90-py3-none-manylinux_2_27_x86_64.whl (267.5 MB)
Using cached nvidia_cusparse_cu12-12.5.8.93-py3-none-manylinux2014_x86_64.manylinux_2_17_x86_64.whl (288.2 MB)
Using cached nvidia_cusparselt_cu12-0.7.1-py3-none-manylinux2014_x86_64.whl (287.2 MB)
Using cached nvidia_nccl_cu12-2.27.5-py3-none-manylinux2014_x86_64.manylinux_2_17_x86_64.whl (322.3 MB)
Using cached nvidia_nvjitlink_cu12-12.8.93-py3-none-manylinux2010_x86_64.manylinux_2_12_x86_64.whl (39.3 MB)
Using cached nvidia_nvshmem_cu12-3.3.20-py3-none-manylinux2014_x86_64.manylinux_2_17_x86_64.whl (124.7 MB)
Using cached nvidia_nvtx_cu12-12.8.90-py3-none-manylinux2014_x86_64.manylinux_2_17_x86_64.whl (89 kB)
Using cached triton-3.5.1-cp310-cp310-manylinux_2_27_x86_64.manylinux_2_28_x86_64.whl (170.3 MB)
Using cached torchvision-0.24.1-cp310-cp310-manylinux_2_28_x86_64.whl (8.0 MB)
Downloading diffusers-0.36.0-py3-none-any.whl (4.6 MB)
   ━━━━━━━━━━━━━━━━━━━━━━━━━━━━━━━━━━━━━━━━ 4.6/4.6 MB 68.0 MB/s  0:00:00
Using cached transformers-4.57.3-py3-none-any.whl (12.0 MB)
Using cached huggingface_hub-0.36.0-py3-none-any.whl (566 kB)
Using cached tokenizers-0.22.1-cp39-abi3-manylinux_2_17_x86_64.manylinux2014_x86_64.whl (3.3 MB)
Using cached hydra_core-1.3.2-py3-none-any.whl (154 kB)
Using cached omegaconf-2.3.0-py3-none-any.whl (79 kB)
Using cached accelerate-1.12.0-py3-none-any.whl (380 kB)
Using cached wandb-0.23.1-py3-none-manylinux_2_28_x86_64.whl (22.9 MB)
Using cached tensorboard-2.20.0-py3-none-any.whl (5.5 MB)
Using cached tensorboard_data_server-0.7.2-py3-none-manylinux_2_31_x86_64.whl (6.6 MB)
Using cached opencv_python-4.12.0.88-cp37-abi3-manylinux2014_x86_64.manylinux_2_17_x86_64.whl (67.0 MB)
Using cached numpy-2.2.6-cp310-cp310-manylinux_2_17_x86_64.manylinux2014_x86_64.whl (16.8 MB)
Using cached av-16.0.1-cp310-cp310-manylinux_2_28_x86_64.whl (39.7 MB)
Downloading pillow-12.1.0-cp310-cp310-manylinux_2_27_x86_64.manylinux_2_28_x86_64.whl (7.0 MB)
   ━━━━━━━━━━━━━━━━━━━━━━━━━━━━━━━━━━━━━━━━ 7.0/7.0 MB 163.5 MB/s  0:00:00
Using cached absl_py-2.3.1-py3-none-any.whl (135 kB)
Downloading gitpython-3.1.46-py3-none-any.whl (208 kB)
Using cached gitdb-4.0.12-py3-none-any.whl (62 kB)
Using cached smmap-5.0.2-py3-none-any.whl (24 kB)
Using cached grpcio-1.76.0-cp310-cp310-manylinux2014_x86_64.manylinux_2_17_x86_64.whl (6.6 MB)
Using cached markdown-3.10-py3-none-any.whl (107 kB)
Using cached sentry_sdk-2.48.0-py2.py3-none-any.whl (414 kB)
Using cached werkzeug-3.1.4-py3-none-any.whl (224 kB)
Using cached platformdirs-4.5.1-py3-none-any.whl (18 kB)
Downloading psutil-7.2.1-cp36-abi3-manylinux2010_x86_64.manylinux_2_12_x86_64.manylinux_2_28_x86_64.whl (154 kB)
Installing collected packages: nvidia-cusparselt-cu12, antlr4-python3-runtime, werkzeug, triton, tensorboard-data-server, smmap, sentry-sdk, psutil, platformdirs, pillow, omegaconf, nvidia-nvtx-cu12, nvidia-nvshmem-cu12, nvidia-nvjitlink-cu12, nvidia-nccl-cu12, nvidia-curand-cu12, nvidia-cufile-cu12, nvidia-cuda-runtime-cu12, nvidia-cuda-nvrtc-cu12, nvidia-cuda-cupti-cu12, nvidia-cublas-cu12, numpy, markdown, grpcio, av, absl-py, tensorboard, opencv-python, nvidia-cusparse-cu12, nvidia-cufft-cu12, nvidia-cudnn-cu12, hydra-core, huggingface_hub, gitdb, tokenizers, nvidia-cusolver-cu12, gitpython, wandb, transformers, torch, diffusers, torchvision, accelerate
  Attempting uninstall: triton
    Found existing installation: triton 2.1.0
    Uninstalling triton-2.1.0:
      Successfully uninstalled triton-2.1.0
  Attempting uninstall: pillow
    Found existing installation: pillow 12.0.0
    Uninstalling pillow-12.0.0:
      Successfully uninstalled pillow-12.0.0
  Attempting uninstall: numpy
    Found existing installation: numpy 1.26.4
    Uninstalling numpy-1.26.4:
      Successfully uninstalled numpy-1.26.4
  Attempting uninstall: huggingface_hub
    Found existing installation: huggingface-hub 0.16.4
    Uninstalling huggingface-hub-0.16.4:
      Successfully uninstalled huggingface-hub-0.16.4
  Attempting uninstall: tokenizers
    Found existing installation: tokenizers 0.13.3
    Uninstalling tokenizers-0.13.3:
      Successfully uninstalled tokenizers-0.13.3

