=========================================
Latent Caching Job (No Download)
=========================================
Node: gcn106.local.snellius.surf.nl
GPU: NVIDIA H100
Dataset cache: /scratch-shared/scur1900/huggingface_cache/datasets
Latent cache dir: /scratch-shared/scur1900/cosmos_cache
=========================================

Disk space check:
2.0K	/scratch-shared/scur1900/huggingface_cache/datasets
14K	/scratch-shared/scur1900/cosmos_cache
wstor_scratch1  2.5P  343T  2.1P  14% /gpfs/scratch1

============================================================
Latent Caching Configuration
============================================================
Dataset: builddotai/Egocentric-10K (train)
VAE Model: madebyollin/sdxl-vae-fp16-fix
Cache Dir: /scratch-shared/scur1900/cosmos_cache
Batch Size: 1
Resolution: [256, 456]
FPS: 8
============================================================
Using device: cuda
Loading VAE model...
VAE loaded successfully
Initialized cache at /scratch-shared/scur1900/cosmos_cache

Starting video processing...
len video: 1 --- ---- max batch size 1
frame shape torch.Size([512, 3, 256, 456])
Latent shape torch.Size([1, 512, 4, 32, 57])
Vid id: factory001_worker001_00000
Stored video under shard path:/scratch-shared/scur1900/cosmos_cache/shard_00273/factory001_worker001_00000.safetensors
--------------------------------------------------
len video: 1 --- ---- max batch size 1
frame shape torch.Size([512, 3, 256, 456])
Latent shape torch.Size([1, 512, 4, 32, 57])
Vid id: factory001_worker001_00001
Stored video under shard path:/scratch-shared/scur1900/cosmos_cache/shard_00522/factory001_worker001_00001.safetensors
--------------------------------------------------
len video: 1 --- ---- max batch size 1
frame shape torch.Size([512, 3, 256, 456])
Latent shape torch.Size([1, 512, 4, 32, 57])
Vid id: factory001_worker001_00002
Stored video under shard path:/scratch-shared/scur1900/cosmos_cache/shard_00436/factory001_worker001_00002.safetensors
--------------------------------------------------
len video: 1 --- ---- max batch size 1
frame shape torch.Size([512, 3, 256, 456])
Latent shape torch.Size([1, 512, 4, 32, 57])
Vid id: factory001_worker001_00003
Stored video under shard path:/scratch-shared/scur1900/cosmos_cache/shard_00763/factory001_worker001_00003.safetensors
--------------------------------------------------
