Installing/upgrading dependencies...
Requirement already satisfied: pip in /gpfs/home4/scur1900/.conda/envs/verlenv/lib/python3.10/site-packages (25.3)
Requirement already satisfied: torch>=2.1.0 in /gpfs/home4/scur1900/.conda/envs/verlenv/lib/python3.10/site-packages (from -r /gpfs/home4/scur1900/cosmos-finetune/requirements.txt (line 2)) (2.1.2+cu121)
Collecting torch>=2.1.0 (from -r /gpfs/home4/scur1900/cosmos-finetune/requirements.txt (line 2))
  Using cached torch-2.9.1-cp310-cp310-manylinux_2_28_x86_64.whl.metadata (30 kB)
Requirement already satisfied: torchvision>=0.16.0 in /gpfs/home4/scur1900/.conda/envs/verlenv/lib/python3.10/site-packages (from -r /gpfs/home4/scur1900/cosmos-finetune/requirements.txt (line 3)) (0.16.2+cu121)
Collecting torchvision>=0.16.0 (from -r /gpfs/home4/scur1900/cosmos-finetune/requirements.txt (line 3))
  Using cached torchvision-0.24.1-cp310-cp310-manylinux_2_28_x86_64.whl.metadata (5.9 kB)
Collecting diffusers>=0.25.0 (from -r /gpfs/home4/scur1900/cosmos-finetune/requirements.txt (line 4))
  Using cached diffusers-0.36.0-py3-none-any.whl.metadata (20 kB)
Collecting transformers>=4.36.0 (from -r /gpfs/home4/scur1900/cosmos-finetune/requirements.txt (line 5))
  Using cached transformers-4.57.3-py3-none-any.whl.metadata (43 kB)
Requirement already satisfied: datasets>=2.18.0 in /gpfs/home4/scur1900/.conda/envs/verlenv/lib/python3.10/site-packages (from -r /gpfs/home4/scur1900/cosmos-finetune/requirements.txt (line 8)) (4.4.2)
Requirement already satisfied: huggingface_hub>=0.20.0 in /gpfs/home4/scur1900/.conda/envs/verlenv/lib/python3.10/site-packages (from -r /gpfs/home4/scur1900/cosmos-finetune/requirements.txt (line 9)) (0.36.0)
Collecting huggingface_hub>=0.20.0 (from -r /gpfs/home4/scur1900/cosmos-finetune/requirements.txt (line 9))
  Using cached huggingface_hub-1.2.3-py3-none-any.whl.metadata (13 kB)
Requirement already satisfied: safetensors>=0.4.0 in /gpfs/home4/scur1900/.conda/envs/verlenv/lib/python3.10/site-packages (from -r /gpfs/home4/scur1900/cosmos-finetune/requirements.txt (line 10)) (0.7.0)
Requirement already satisfied: hydra-core>=1.3.0 in /gpfs/home4/scur1900/.conda/envs/verlenv/lib/python3.10/site-packages (from -r /gpfs/home4/scur1900/cosmos-finetune/requirements.txt (line 13)) (1.3.2)
Requirement already satisfied: omegaconf>=2.3.0 in /gpfs/home4/scur1900/.conda/envs/verlenv/lib/python3.10/site-packages (from -r /gpfs/home4/scur1900/cosmos-finetune/requirements.txt (line 14)) (2.3.0)
Collecting accelerate>=0.25.0 (from -r /gpfs/home4/scur1900/cosmos-finetune/requirements.txt (line 15))
  Using cached accelerate-1.12.0-py3-none-any.whl.metadata (19 kB)
Collecting wandb>=0.16.0 (from -r /gpfs/home4/scur1900/cosmos-finetune/requirements.txt (line 18))
  Using cached wandb-0.23.1-py3-none-manylinux_2_28_x86_64.whl.metadata (12 kB)
Requirement already satisfied: tensorboard>=2.15.0 in /gpfs/home4/scur1900/.conda/envs/verlenv/lib/python3.10/site-packages (from -r /gpfs/home4/scur1900/cosmos-finetune/requirements.txt (line 19)) (2.20.0)
Requirement already satisfied: opencv-python>=4.9.0 in /gpfs/home4/scur1900/.conda/envs/verlenv/lib/python3.10/site-packages (from -r /gpfs/home4/scur1900/cosmos-finetune/requirements.txt (line 22)) (4.12.0.88)
Requirement already satisfied: av>=11.0.0 in /gpfs/home4/scur1900/.conda/envs/verlenv/lib/python3.10/site-packages (from -r /gpfs/home4/scur1900/cosmos-finetune/requirements.txt (line 23)) (16.0.1)
Requirement already satisfied: tqdm>=4.66.0 in /gpfs/home4/scur1900/.conda/envs/verlenv/lib/python3.10/site-packages (from -r /gpfs/home4/scur1900/cosmos-finetune/requirements.txt (line 26)) (4.67.1)
Requirement already satisfied: numpy>=1.24.0 in /gpfs/home4/scur1900/.conda/envs/verlenv/lib/python3.10/site-packages (from -r /gpfs/home4/scur1900/cosmos-finetune/requirements.txt (line 27)) (2.2.6)
